Connecting to database specified by database.yml
Compiled jquery.js  (18ms)  (pid 3770)
Compiled jquery_ujs.js  (0ms)  (pid 3770)
Compiled steps.js  (125ms)  (pid 3770)
Compiled tracks.js  (126ms)  (pid 3770)
Compiled application.js  (289ms)  (pid 3770)
Compiled scaffolds.css  (17ms)  (pid 3770)
Compiled steps.css  (1ms)  (pid 3770)
Compiled tracks.css  (1ms)  (pid 3770)
Compiled application.css  (31ms)  (pid 3770)
Connecting to database specified by database.yml
Compiled jquery.js  (20ms)  (pid 3770)
Compiled jquery_ujs.js  (0ms)  (pid 3770)
Compiled steps.js  (122ms)  (pid 3770)
Compiled tracks.js  (127ms)  (pid 3770)
Compiled application.js  (302ms)  (pid 3770)
Compiled scaffolds.css  (16ms)  (pid 3770)
Compiled steps.css  (2ms)  (pid 3770)
Compiled tracks.css  (1ms)  (pid 3770)
Compiled application.css  (39ms)  (pid 3770)
